[2018-12-28 10:54:02.244] [main] [ERROR] com.ctrip.framework.apollo.util.ConfigUtil:109 x:() - env is not set, please make sure it is set in /opt/settings/server.properties!
[2018-12-28 10:54:02.251] [main] [ERROR] com.ctrip.framework.apollo.util.ConfigUtil:109 x:() - env is not set, please make sure it is set in /opt/settings/server.properties!
[2018-12-28 10:54:02.276] [main] [ERROR] com.ctrip.framework.apollo.util.ConfigUtil:109 x:() - env is not set, please make sure it is set in /opt/settings/server.properties!
[2018-12-28 10:54:02.771] [main] [ERROR] com.ctrip.framework.apollo.util.ConfigUtil:109 x:() - env is not set, please make sure it is set in /opt/settings/server.properties!
[2018-12-28 10:54:03.273] [main] [ERROR] com.ctrip.framework.apollo.util.ConfigUtil:109 x:() - env is not set, please make sure it is set in /opt/settings/server.properties!
[2018-12-28 10:54:03.773] [main] [ERROR] com.ctrip.framework.apollo.util.ConfigUtil:109 x:() - env is not set, please make sure it is set in /opt/settings/server.properties!
[2018-12-28 10:54:04.284] [Apollo-RemoteConfigLongPollService-1] [ERROR] com.ctrip.framework.apollo.util.ConfigUtil:109 x:() - env is not set, please make sure it is set in /opt/settings/server.properties!
[2018-12-28 10:54:04.659] [main] [ERROR] org.springframework.boot.SpringApplication:842 x:() - Application run failed
org.springframework.beans.factory.BeanDefinitionStoreException: Failed to process import candidates for configuration class [com.baomidou.dynamic.datasource.spring.boot.autoconfigure.DynamicDataSourceAutoConfiguration]; nested exception is java.io.FileNotFoundException: class path resource [com/alibaba/druid/spring/boot/autoconfigure/stat/DruidSpringAopConfiguration.class] cannot be opened because it does not exist
	at org.springframework.context.annotation.ConfigurationClassParser.processImports(ConfigurationClassParser.java:648)
	at org.springframework.context.annotation.ConfigurationClassParser.doProcessConfigurationClass(ConfigurationClassParser.java:303)
	at org.springframework.context.annotation.ConfigurationClassParser.processConfigurationClass(ConfigurationClassParser.java:245)
	at org.springframework.context.annotation.ConfigurationClassParser.processImports(ConfigurationClassParser.java:638)
	at org.springframework.context.annotation.ConfigurationClassParser.lambda$processDeferredImportSelectors$2(ConfigurationClassParser.java:567)
	at org.springframework.context.annotation.ConfigurationClassParser$$Lambda$124/1239132915.accept(Unknown Source)
	at java.util.ArrayList.forEach(ArrayList.java:1249)
	at org.springframework.context.annotation.ConfigurationClassParser.processDeferredImportSelectors(ConfigurationClassParser.java:563)
	at org.springframework.context.annotation.ConfigurationClassParser.parse(ConfigurationClassParser.java:188)
	at org.springframework.context.annotation.ConfigurationClassPostProcessor.processConfigBeanDefinitions(ConfigurationClassPostProcessor.java:316)
	at org.springframework.context.annotation.ConfigurationClassPostProcessor.postProcessBeanDefinitionRegistry(ConfigurationClassPostProcessor.java:233)
	at org.springframework.context.support.PostProcessorRegistrationDelegate.invokeBeanDefinitionRegistryPostProcessors(PostProcessorRegistrationDelegate.java:273)
	at org.springframework.context.support.PostProcessorRegistrationDelegate.invokeBeanFactoryPostProcessors(PostProcessorRegistrationDelegate.java:93)
	at org.springframework.context.support.AbstractApplicationContext.invokeBeanFactoryPostProcessors(AbstractApplicationContext.java:694)
	at org.springframework.context.support.AbstractApplicationContext.refresh(AbstractApplicationContext.java:532)
	at org.springframework.boot.SpringApplication.refresh(SpringApplication.java:759)
	at org.springframework.boot.SpringApplication.refreshContext(SpringApplication.java:395)
	at org.springframework.boot.SpringApplication.run(SpringApplication.java:327)
	at org.springframework.boot.SpringApplication.run(SpringApplication.java:1255)
	at org.springframework.boot.SpringApplication.run(SpringApplication.java:1243)
	at com.ddc.common.demo.DemoDubboServiceApplication.main(DemoDubboServiceApplication.java:29)
Caused by: java.io.FileNotFoundException: class path resource [com/alibaba/druid/spring/boot/autoconfigure/stat/DruidSpringAopConfiguration.class] cannot be opened because it does not exist
	at org.springframework.core.io.ClassPathResource.getInputStream(ClassPathResource.java:180)
	at org.springframework.core.type.classreading.SimpleMetadataReader.<init>(SimpleMetadataReader.java:51)
	at org.springframework.core.type.classreading.SimpleMetadataReaderFactory.getMetadataReader(SimpleMetadataReaderFactory.java:103)
	at org.springframework.boot.type.classreading.ConcurrentReferenceCachingMetadataReaderFactory.createMetadataReader(ConcurrentReferenceCachingMetadataReaderFactory.java:88)
	at org.springframework.boot.type.classreading.ConcurrentReferenceCachingMetadataReaderFactory.getMetadataReader(ConcurrentReferenceCachingMetadataReaderFactory.java:75)
	at org.springframework.core.type.classreading.SimpleMetadataReaderFactory.getMetadataReader(SimpleMetadataReaderFactory.java:81)
	at org.springframework.context.annotation.ConfigurationClassParser.asSourceClass(ConfigurationClassParser.java:734)
	at org.springframework.context.annotation.ConfigurationClassParser$SourceClass.getRelated(ConfigurationClassParser.java:1010)
	at org.springframework.context.annotation.ConfigurationClassParser$SourceClass.getAnnotationAttributes(ConfigurationClassParser.java:991)
	at org.springframework.context.annotation.ConfigurationClassParser.collectImports(ConfigurationClassParser.java:539)
	at org.springframework.context.annotation.ConfigurationClassParser.getImports(ConfigurationClassParser.java:512)
	at org.springframework.context.annotation.ConfigurationClassParser.doProcessConfigurationClass(ConfigurationClassParser.java:303)
	at org.springframework.context.annotation.ConfigurationClassParser.processConfigurationClass(ConfigurationClassParser.java:245)
	at org.springframework.context.annotation.ConfigurationClassParser.processImports(ConfigurationClassParser.java:638)
	... 20 common frames omitted
